  stdafx.cpp
  dllmain.cpp
  FBXMagic.cpp
  FBXInteraction.cpp
c:\users\pablo\desktop\pp5\pp5_base_app\fbxmagic\fbxinteraction.cpp(79): warning C4244: 'argument': conversion from 'fbxsdk::FbxDouble' to 'const float', possible loss of data
c:\users\pablo\desktop\pp5\pp5_base_app\fbxmagic\fbxinteraction.cpp(80): warning C4244: 'argument': conversion from 'fbxsdk::FbxDouble' to 'const float', possible loss of data
c:\users\pablo\desktop\pp5\pp5_base_app\fbxmagic\fbxinteraction.cpp(81): warning C4244: 'argument': conversion from 'fbxsdk::FbxDouble' to 'const float', possible loss of data
c:\users\pablo\desktop\pp5\pp5_base_app\fbxmagic\fbxinteraction.cpp(84): warning C4244: 'argument': conversion from 'fbxsdk::FbxDouble' to 'float', possible loss of data
c:\users\pablo\desktop\pp5\pp5_base_app\fbxmagic\fbxinteraction.cpp(85): warning C4244: 'argument': conversion from 'fbxsdk::FbxDouble' to 'float', possible loss of data
c:\users\pablo\desktop\pp5\pp5_base_app\fbxmagic\fbxinteraction.cpp(86): warning C4244: 'argument': conversion from 'fbxsdk::FbxDouble' to 'float', possible loss of data
c:\users\pablo\desktop\pp5\pp5_base_app\fbxmagic\fbxinteraction.cpp(114): warning C4018: '<': signed/unsigned mismatch
c:\users\pablo\desktop\pp5\pp5_base_app\fbxmagic\fbxinteraction.cpp(119): warning C4244: '=': conversion from 'fbxsdk::FbxDouble' to 'float', possible loss of data
c:\users\pablo\desktop\pp5\pp5_base_app\fbxmagic\fbxinteraction.cpp(120): warning C4244: '=': conversion from 'fbxsdk::FbxDouble' to 'float', possible loss of data
c:\users\pablo\desktop\pp5\pp5_base_app\fbxmagic\fbxinteraction.cpp(121): warning C4244: '=': conversion from 'fbxsdk::FbxDouble' to 'float', possible loss of data
c:\users\pablo\desktop\pp5\pp5_base_app\fbxmagic\fbxinteraction.cpp(122): warning C4244: '=': conversion from 'fbxsdk::FbxDouble' to 'float', possible loss of data
c:\users\pablo\desktop\pp5\pp5_base_app\fbxmagic\fbxinteraction.cpp(143): warning C4477: 'printf' : format string '%s' requires an argument of type 'char *', but variadic argument 1 has type 'fbxsdk::FbxString'
  Generating Code...
     Creating library C:\Users\Pablo\Desktop\PP5\PP5_Base_App\Debug\FBXMagic.lib and object C:\Users\Pablo\Desktop\PP5\PP5_Base_App\Debug\FBXMagic.exp
  FBXMagic.vcxproj -> C:\Users\Pablo\Desktop\PP5\PP5_Base_App\Debug\FBXMagic.dll
  FBXMagic.vcxproj -> C:\Users\Pablo\Desktop\PP5\PP5_Base_App\Debug\FBXMagic.pdb (Full PDB)
